<?xml version="1.0" encoding="UTF-8"?>
<!-- Generated by org.testng.reporters.JUnitReportReporter -->
<testsuite hostname="LAPTOP-P0SJP3T6" failures="0" tests="6" name="com.testng.practice.OrangeHRMTest" time="22.627" errors="0" timestamp="6 Jul 2020 06:17:51 GMT">
  <testcase classname="com.testng.practice.OrangeHRMTest" name="openURL" time="4.043"/>
  <testcase classname="com.testng.practice.OrangeHRMTest" name="login" time="12.970"/>
  <testcase classname="com.testng.practice.OrangeHRMTest" name="verifyCurrentURL" time="0.019"/>
  <testcase classname="com.testng.practice.OrangeHRMTest" name="logout" time="5.568"/>
  <testcase classname="com.testng.practice.OrangeHRMTest" name="verifyCurrentURL" time="0.012"/>
  <testcase classname="com.testng.practice.OrangeHRMTest" name="verifyCurrentURL" time="0.015"/>
</testsuite> <!-- com.testng.practice.OrangeHRMTest -->
