<?xml version="1.0" encoding="UTF-8"?>
<!-- Generated by org.testng.reporters.JUnitReportReporter -->
<testsuite hostname="LAPTOP-P0SJP3T6" failures="0" tests="1" name="com.testng.practice.SampleTestNGPrgm" time="0.007" errors="0" timestamp="5 Jul 2020 09:48:33 GMT">
  <testcase classname="com.testng.practice.SampleTestNGPrgm" name="getTitle" time="0.007"/>
</testsuite> <!-- com.testng.practice.SampleTestNGPrgm -->
